-------------------------------------------------------------------------------
Test set: viitteenhallinta.ArticleTest
-------------------------------------------------------------------------------
<<<<<<< HEAD
<<<<<<< HEAD
Tests run: 5, Failures: 1, Errors: 0, Skipped: 0, Time elapsed: 0.08 sec <<< FAILURE!
testToLaTexString(viitteenhallinta.ArticleTest)  Time elapsed: 0.004 sec  <<< FAILURE!
org.junit.ComparisonFailure: expected:<[Author: Jussi Paananen
Title: Suomen MM -juhlimisen herättämästä pahennuksesta vuonna 2011 ja miten se peilaa nyky-yhteiskuntaamme
Journal: Täysin turhia tieteellisiä artikkeleita
Year: 2012
VOLUME = {1},
NUMBER =]{1},
PAGES = {158--1...> but was:<[@Article(Tagi,
AUTHOR = {Jussi Paananen},
TITLE = {Suomen MM -juhlimisen herättämästä pahennuksesta vuonna 2011 ja miten se peilaa nyky-yhteiskuntaamme},
JOURNAL = {Täysin turhia tieteellisiä artikkeleita},
YEAR = {2012},
VOLUME = {1},
NUMBER = ]{1},
PAGES = {158--1...>
	at org.junit.Assert.assertEquals(Assert.java:125)
	at org.junit.Assert.assertEquals(Assert.java:147)
	at viitteenhallinta.ArticleTest.testToLaTexString(ArticleTest.java:96)
	at sun.reflect.NativeMethodAccessorImpl.invoke0(Native Method)
	at sun.reflect.NativeMethodAccessorImpl.invoke(NativeMethodAccessorImpl.java:39)
	at sun.reflect.DelegatingMethodAccessorImpl.invoke(DelegatingMethodAccessorImpl.java:25)
	at java.lang.reflect.Method.invoke(Method.java:597)
	at org.junit.runners.model.FrameworkMethod$1.runReflectiveCall(FrameworkMethod.java:45)
	at org.junit.internal.runners.model.ReflectiveCallable.run(ReflectiveCallable.java:15)
	at org.junit.runners.model.FrameworkMethod.invokeExplosively(FrameworkMethod.java:42)
	at org.junit.internal.runners.statements.InvokeMethod.evaluate(InvokeMethod.java:20)
	at org.junit.internal.runners.statements.RunBefores.evaluate(RunBefores.java:28)
	at org.junit.internal.runners.statements.RunAfters.evaluate(RunAfters.java:30)
	at org.junit.runners.ParentRunner.runLeaf(ParentRunner.java:263)
	at org.junit.runners.BlockJUnit4ClassRunner.runChild(BlockJUnit4ClassRunner.java:68)
	at org.junit.runners.BlockJUnit4ClassRunner.runChild(BlockJUnit4ClassRunner.java:47)
	at org.junit.runners.ParentRunner$3.run(ParentRunner.java:231)
	at org.junit.runners.ParentRunner$1.schedule(ParentRunner.java:60)
	at org.junit.runners.ParentRunner.runChildren(ParentRunner.java:229)
	at org.junit.runners.ParentRunner.access$000(ParentRunner.java:50)
	at org.junit.runners.ParentRunner$2.evaluate(ParentRunner.java:222)
	at org.junit.internal.runners.statements.RunBefores.evaluate(RunBefores.java:28)
	at org.junit.internal.runners.statements.RunAfters.evaluate(RunAfters.java:30)
	at org.junit.runners.ParentRunner.run(ParentRunner.java:300)
	at org.apache.maven.surefire.junit4.JUnit4TestSet.execute(JUnit4TestSet.java:35)
	at org.apache.maven.surefire.junit4.JUnit4Provider.executeTestSet(JUnit4Provider.java:115)
	at org.apache.maven.surefire.junit4.JUnit4Provider.invoke(JUnit4Provider.java:97)
	at sun.reflect.NativeMethodAccessorImpl.invoke0(Native Method)
	at sun.reflect.NativeMethodAccessorImpl.invoke(NativeMethodAccessorImpl.java:39)
	at sun.reflect.DelegatingMethodAccessorImpl.invoke(DelegatingMethodAccessorImpl.java:25)
	at java.lang.reflect.Method.invoke(Method.java:597)
	at org.apache.maven.surefire.booter.ProviderFactory$ClassLoaderProxy.invoke(ProviderFactory.java:103)
	at $Proxy0.invoke(Unknown Source)
	at org.apache.maven.surefire.booter.SurefireStarter.invokeProvider(SurefireStarter.java:150)
	at org.apache.maven.surefire.booter.SurefireStarter.runSuitesInProcess(SurefireStarter.java:91)
	at org.apache.maven.surefire.booter.ForkedBooter.main(ForkedBooter.java:69)

=======
Tests run: 6, Failures: 0, Errors: 0, Skipped: 0, Time elapsed: 0.04 sec
>>>>>>> 520053b15da76cb86679e828bfa2d90493670edd
=======
Tests run: 6, Failures: 0, Errors: 0, Skipped: 0, Time elapsed: 0.053 sec
>>>>>>> a7e9069e9246bd09599c9586db7a5968c85ae7a2
